<?xml version="1.0" encoding="UTF-8"?>
<!-- Generated by org.testng.reporters.JUnitXMLReporter -->
<testsuite ignored="2" hostname="DESKTOP-TMCCAJ2" failures="1" tests="3" name="TestSuiteDemo2(failed)" time="0.117" errors="0" timestamp="2023-03-27T17:56:45 IST">
  <testcase classname="keywordsInTestNG.Timeouts" name="def" time="0.025"/>
  <testcase classname="keywordsInTestNG.DependsOnMethods" name="abc" time="0.011">
    <failure type="java.lang.AssertionError">
      <![CDATA[java.lang.AssertionError
at org.junit.Assert.fail(Assert.java:86)
at org.junit.Assert.fail(Assert.java:95)
at keywordsInTestNG.DependsOnMethods.abc(DependsOnMethods.java:18)
at java.base/java.util.ArrayList.forEach(ArrayList.java:1511)
... Removed 25 stack frames]]>
    </failure>
  </testcase> <!-- abc -->
  <testcase classname="keywordsInTestNG.DependsOnMethods" name="def" time="0.0">
    <skipped/>
  </testcase> <!-- def -->
  <testcase classname="keywordsInTestNG.Timeouts" name="ghi" time="0.0">
    <ignored/>
  </testcase> <!-- ghi -->
  <testcase classname="keywordsInTestNG.DependsOnMethods" name="ghi" time="0.0">
    <ignored/>
  </testcase> <!-- ghi -->
</testsuite> <!-- TestSuiteDemo2(failed) -->
